
2024/11/14 (14:19:15) | ===> btop++ v.1.4.0
2024/11/14 (14:19:15) | WARNING: Intel GPU: Failed to initialize PMU

2024/11/24 (20:02:01) | ===> btop++ v.1.4.0
2024/11/24 (20:02:01) | WARNING: Intel GPU: Failed to initialize PMU

2024/11/25 (18:52:13) | ===> btop++ v.1.4.0
2024/11/25 (18:52:13) | WARNING: Intel GPU: Failed to initialize PMU

2024/11/26 (16:11:00) | ===> btop++ v.1.4.0
2024/11/26 (16:11:00) | WARNING: Intel GPU: Failed to initialize PMU

2024/11/29 (11:37:44) | ===> btop++ v.1.4.0
2024/11/29 (11:37:44) | WARNING: Intel GPU: Failed to initialize PMU

2024/11/29 (16:37:09) | ===> btop++ v.1.4.0
2024/11/29 (16:37:09) | WARNING: Intel GPU: Failed to initialize PMU

2024/11/30 (18:57:27) | ===> btop++ v.1.4.0
2024/11/30 (18:57:27) | WARNING: Intel GPU: Failed to initialize PMU

2024/11/30 (19:07:16) | ===> btop++ v.1.4.0
2024/11/30 (19:07:16) | WARNING: Intel GPU: Failed to initialize PMU

2024/12/01 (01:45:43) | ===> btop++ v.1.4.0
2024/12/01 (01:45:43) | WARNING: Intel GPU: Failed to initialize PMU

2024/12/01 (01:46:08) | ===> btop++ v.1.4.0
2024/12/01 (01:46:08) | WARNING: Intel GPU: Failed to initialize PMU

2024/12/01 (03:11:42) | ===> btop++ v.1.4.0
2024/12/01 (03:11:42) | WARNING: Intel GPU: Failed to initialize PMU

2024/12/01 (09:42:19) | ===> btop++ v.1.4.0
2024/12/01 (09:42:19) | WARNING: Intel GPU: Failed to initialize PMU

2024/12/01 (12:03:57) | ===> btop++ v.1.4.0
2024/12/01 (12:03:57) | WARNING: Intel GPU: Failed to initialize PMU

2024/12/01 (12:11:22) | ===> btop++ v.1.4.0
2024/12/01 (12:11:22) | WARNING: Intel GPU: Failed to initialize PMU

2024/12/02 (15:47:49) | ===> btop++ v.1.4.0
2024/12/02 (15:47:49) | WARNING: Intel GPU: Failed to initialize PMU

2024/12/02 (15:47:52) | ===> btop++ v.1.4.0
2024/12/02 (15:47:52) | WARNING: Intel GPU: Failed to initialize PMU

2024/12/02 (16:39:54) | ===> btop++ v.1.4.0
2024/12/02 (16:39:54) | WARNING: Intel GPU: Failed to initialize PMU

2024/12/03 (00:14:22) | ===> btop++ v.1.4.0
2024/12/03 (00:14:22) | WARNING: Intel GPU: Failed to initialize PMU

2024/12/03 (13:42:40) | ===> btop++ v.1.4.0
2024/12/03 (13:42:40) | WARNING: Intel GPU: Failed to initialize PMU

2024/12/03 (16:58:49) | ===> btop++ v.1.4.0
2024/12/03 (16:58:49) | WARNING: Intel GPU: Failed to initialize PMU

2024/12/05 (15:28:38) | ===> btop++ v.1.4.0
2024/12/05 (15:28:38) | WARNING: Intel GPU: Failed to initialize PMU

2024/12/05 (22:47:52) | ===> btop++ v.1.4.0
2024/12/05 (22:47:52) | WARNING: Intel GPU: Failed to initialize PMU

2024/12/05 (23:01:37) | ===> btop++ v.1.4.0
2024/12/05 (23:01:37) | WARNING: Intel GPU: Failed to initialize PMU

2024/12/27 (02:36:24) | ===> btop++ v.1.4.0
2024/12/27 (02:36:24) | WARNING: Intel GPU: Failed to initialize PMU

2025/01/03 (05:58:25) | ===> btop++ v.1.4.0
2025/01/03 (05:58:25) | WARNING: Intel GPU: Failed to initialize PMU

2025/02/15 (18:20:27) | ===> btop++ v.1.4.0
2025/02/15 (18:20:27) | WARNING: Intel GPU: Failed to initialize PMU

2025/02/16 (20:52:34) | ===> btop++ v.1.4.0
2025/02/16 (20:52:34) | WARNING: Intel GPU: Failed to initialize PMU

2025/02/17 (11:28:42) | ===> btop++ v.1.4.0
2025/02/17 (11:28:42) | WARNING: Intel GPU: Failed to initialize PMU

2025/02/17 (14:42:16) | ===> btop++ v.1.4.0
2025/02/17 (14:42:16) | ERROR: No tty detected!
btop++ needs an interactive shell to run.

2025/02/17 (14:43:00) | ===> btop++ v.1.4.0
2025/02/17 (14:43:00) | ERROR: No tty detected!
btop++ needs an interactive shell to run.

2025/02/17 (14:43:02) | ===> btop++ v.1.4.0
2025/02/17 (14:43:02) | ERROR: No tty detected!
btop++ needs an interactive shell to run.

2025/02/17 (14:43:49) | ===> btop++ v.1.4.0
2025/02/17 (14:43:49) | ERROR: No tty detected!
btop++ needs an interactive shell to run.

2025/02/17 (14:43:50) | ===> btop++ v.1.4.0
2025/02/17 (14:43:50) | ERROR: No tty detected!
btop++ needs an interactive shell to run.

2025/02/17 (14:43:50) | ===> btop++ v.1.4.0
2025/02/17 (14:43:50) | ERROR: No tty detected!
btop++ needs an interactive shell to run.

2025/02/17 (14:43:50) | ===> btop++ v.1.4.0
2025/02/17 (14:43:50) | ERROR: No tty detected!
btop++ needs an interactive shell to run.

2025/02/17 (14:44:03) | ===> btop++ v.1.4.0
2025/02/17 (14:44:03) | ERROR: No tty detected!
btop++ needs an interactive shell to run.

2025/02/17 (14:44:04) | ===> btop++ v.1.4.0
2025/02/17 (14:44:04) | ERROR: No tty detected!
btop++ needs an interactive shell to run.

2025/02/17 (14:47:33) | ===> btop++ v.1.4.0
2025/02/17 (14:47:33) | ERROR: No tty detected!
btop++ needs an interactive shell to run.

2025/02/17 (14:47:33) | ===> btop++ v.1.4.0
2025/02/17 (14:47:33) | ERROR: No tty detected!
btop++ needs an interactive shell to run.

2025/02/17 (14:47:34) | ===> btop++ v.1.4.0
2025/02/17 (14:47:34) | ERROR: No tty detected!
btop++ needs an interactive shell to run.

2025/02/17 (14:47:34) | ===> btop++ v.1.4.0
2025/02/17 (14:47:34) | ERROR: No tty detected!
btop++ needs an interactive shell to run.

2025/02/17 (14:47:35) | ===> btop++ v.1.4.0
2025/02/17 (14:47:35) | ERROR: No tty detected!
btop++ needs an interactive shell to run.

2025/02/17 (14:47:36) | ===> btop++ v.1.4.0
2025/02/17 (14:47:36) | ERROR: No tty detected!
btop++ needs an interactive shell to run.

2025/02/17 (14:47:36) | ===> btop++ v.1.4.0
2025/02/17 (14:47:36) | ERROR: No tty detected!
btop++ needs an interactive shell to run.

2025/02/17 (14:47:36) | ===> btop++ v.1.4.0
2025/02/17 (14:47:36) | ERROR: No tty detected!
btop++ needs an interactive shell to run.

2025/02/17 (14:47:36) | ===> btop++ v.1.4.0
2025/02/17 (14:47:36) | ERROR: No tty detected!
btop++ needs an interactive shell to run.

2025/02/17 (14:47:37) | ===> btop++ v.1.4.0
2025/02/17 (14:47:37) | ERROR: No tty detected!
btop++ needs an interactive shell to run.

2025/02/17 (14:47:37) | ===> btop++ v.1.4.0
2025/02/17 (14:47:37) | ERROR: No tty detected!
btop++ needs an interactive shell to run.

2025/02/17 (14:47:37) | ===> btop++ v.1.4.0
2025/02/17 (14:47:37) | ERROR: No tty detected!
btop++ needs an interactive shell to run.

2025/02/17 (14:47:37) | ===> btop++ v.1.4.0
2025/02/17 (14:47:37) | ERROR: No tty detected!
btop++ needs an interactive shell to run.

2025/02/17 (14:47:37) | ===> btop++ v.1.4.0
2025/02/17 (14:47:37) | ERROR: No tty detected!
btop++ needs an interactive shell to run.

2025/02/17 (14:47:37) | ===> btop++ v.1.4.0
2025/02/17 (14:47:37) | ERROR: No tty detected!
btop++ needs an interactive shell to run.

2025/02/17 (14:47:38) | ===> btop++ v.1.4.0
2025/02/17 (14:47:38) | ERROR: No tty detected!
btop++ needs an interactive shell to run.

2025/02/17 (14:47:38) | ===> btop++ v.1.4.0
2025/02/17 (14:47:38) | ERROR: No tty detected!
btop++ needs an interactive shell to run.

2025/02/17 (14:47:38) | ===> btop++ v.1.4.0
2025/02/17 (14:47:38) | ERROR: No tty detected!
btop++ needs an interactive shell to run.

2025/02/17 (14:47:38) | ===> btop++ v.1.4.0
2025/02/17 (14:47:38) | ERROR: No tty detected!
btop++ needs an interactive shell to run.

2025/02/17 (14:47:39) | ===> btop++ v.1.4.0
2025/02/17 (14:47:39) | ERROR: No tty detected!
btop++ needs an interactive shell to run.

2025/02/17 (14:47:39) | ===> btop++ v.1.4.0
2025/02/17 (14:47:39) | ERROR: No tty detected!
btop++ needs an interactive shell to run.

2025/02/17 (14:47:39) | ===> btop++ v.1.4.0
2025/02/17 (14:47:39) | ERROR: No tty detected!
btop++ needs an interactive shell to run.

2025/02/17 (14:47:40) | ===> btop++ v.1.4.0
2025/02/17 (14:47:40) | ERROR: No tty detected!
btop++ needs an interactive shell to run.

2025/02/17 (14:47:42) | ===> btop++ v.1.4.0
2025/02/17 (14:47:42) | ERROR: No tty detected!
btop++ needs an interactive shell to run.

2025/02/17 (14:47:44) | ===> btop++ v.1.4.0
2025/02/17 (14:47:44) | ERROR: No tty detected!
btop++ needs an interactive shell to run.

2025/02/17 (14:48:50) | ===> btop++ v.1.4.0
2025/02/17 (14:48:50) | ERROR: No tty detected!
btop++ needs an interactive shell to run.

2025/02/17 (14:48:57) | ===> btop++ v.1.4.0
2025/02/17 (14:48:57) | ERROR: No tty detected!
btop++ needs an interactive shell to run.

2025/02/17 (14:49:23) | ===> btop++ v.1.4.0
2025/02/17 (14:49:23) | ERROR: No tty detected!
btop++ needs an interactive shell to run.

2025/02/17 (14:49:29) | ===> btop++ v.1.4.0
2025/02/17 (14:49:29) | ERROR: No tty detected!
btop++ needs an interactive shell to run.

2025/02/17 (14:50:18) | ===> btop++ v.1.4.0
2025/02/17 (14:50:18) | ERROR: No tty detected!
btop++ needs an interactive shell to run.

2025/02/17 (14:50:52) | ===> btop++ v.1.4.0
2025/02/17 (14:50:52) | ERROR: No tty detected!
btop++ needs an interactive shell to run.

2025/02/17 (14:51:15) | ===> btop++ v.1.4.0
2025/02/17 (14:51:15) | ERROR: No tty detected!
btop++ needs an interactive shell to run.

2025/02/17 (14:52:33) | ===> btop++ v.1.4.0
2025/02/17 (14:52:33) | ERROR: No tty detected!
btop++ needs an interactive shell to run.

2025/02/17 (14:53:09) | ===> btop++ v.1.4.0
2025/02/17 (14:53:09) | WARNING: Intel GPU: Failed to initialize PMU

2025/02/17 (14:53:37) | ===> btop++ v.1.4.0
2025/02/17 (14:53:37) | WARNING: Intel GPU: Failed to initialize PMU

2025/02/17 (14:55:11) | ===> btop++ v.1.4.0
2025/02/17 (14:55:11) | WARNING: Intel GPU: Failed to initialize PMU

2025/02/25 (17:00:31) | ===> btop++ v.1.4.0
2025/02/25 (17:00:31) | WARNING: Intel GPU: Failed to initialize PMU

2025/03/03 (16:56:07) | ===> btop++ v.1.4.0
2025/03/03 (16:56:07) | WARNING: Intel GPU: Failed to initialize PMU

2025/03/04 (18:01:13) | ===> btop++ v.1.4.0
2025/03/04 (18:01:13) | WARNING: Intel GPU: Failed to initialize PMU

2025/03/05 (14:08:56) | ===> btop++ v.1.4.0
2025/03/05 (14:08:56) | WARNING: Intel GPU: Failed to initialize PMU

2025/03/05 (14:46:19) | ===> btop++ v.1.4.0
2025/03/05 (14:46:19) | WARNING: Intel GPU: Failed to initialize PMU

2025/03/05 (14:47:47) | ===> btop++ v.1.4.0
2025/03/05 (14:47:47) | WARNING: Intel GPU: Failed to initialize PMU
2025/03/05 (14:48:12) | WARNING: Failed to join _runner thread on exit!

2025/03/05 (15:25:56) | ===> btop++ v.1.4.0
2025/03/05 (15:25:56) | WARNING: Intel GPU: Failed to initialize PMU

2025/03/08 (10:53:25) | ===> btop++ v.1.4.0
2025/03/08 (10:53:25) | WARNING: Intel GPU: Failed to initialize PMU

2025/03/10 (14:57:41) | ===> btop++ v.1.4.0
2025/03/10 (14:57:41) | WARNING: Intel GPU: Failed to initialize PMU
2025/03/10 (14:57:43) | WARNING: Failed to join _runner thread on exit!

2025/03/12 (14:57:58) | ===> btop++ v.1.4.0
2025/03/12 (14:57:58) | WARNING: Intel GPU: Failed to initialize PMU

2025/03/12 (16:16:08) | ===> btop++ v.1.4.0
2025/03/12 (16:16:08) | WARNING: Intel GPU: Failed to initialize PMU

2025/03/12 (16:40:18) | ===> btop++ v.1.4.0
2025/03/12 (16:40:18) | WARNING: Intel GPU: Failed to initialize PMU

2025/03/12 (18:45:47) | ===> btop++ v.1.4.0
2025/03/12 (18:45:47) | WARNING: Intel GPU: Failed to initialize PMU

2025/03/13 (12:41:35) | ===> btop++ v.1.4.0
2025/03/13 (12:41:35) | WARNING: Intel GPU: Failed to initialize PMU

2025/03/13 (12:41:49) | ===> btop++ v.1.4.0
2025/03/13 (12:41:49) | WARNING: Intel GPU: Failed to initialize PMU

2025/03/15 (18:47:00) | ===> btop++ v.1.4.0
2025/03/15 (18:47:00) | WARNING: Intel GPU: Failed to initialize PMU

2025/03/16 (13:17:08) | ===> btop++ v.1.4.0
2025/03/16 (13:17:08) | ERROR: No tty detected!
btop++ needs an interactive shell to run.

2025/03/16 (13:17:11) | ===> btop++ v.1.4.0
2025/03/16 (13:17:11) | WARNING: Intel GPU: Failed to initialize PMU

2025/03/16 (13:18:49) | ===> btop++ v.1.4.0
2025/03/16 (13:18:49) | WARNING: Intel GPU: Failed to initialize PMU

2025/03/18 (13:20:37) | ===> btop++ v.1.4.0
2025/03/18 (13:20:37) | WARNING: Intel GPU: Failed to initialize PMU

2025/03/18 (13:29:01) | ===> btop++ v.1.4.0
2025/03/18 (13:29:01) | WARNING: Intel GPU: Failed to initialize PMU

2025/03/26 (08:05:59) | ===> btop++ v.1.4.0
2025/03/26 (08:05:59) | WARNING: Intel GPU: Failed to initialize PMU

2025/03/26 (08:10:08) | ===> btop++ v.1.4.0
2025/03/26 (08:10:08) | WARNING: Intel GPU: Failed to initialize PMU

2025/04/10 (13:37:25) | ===> btop++ v.1.4.0
2025/04/10 (13:37:25) | WARNING: Intel GPU: Failed to initialize PMU
